<?xml version="1.0" encoding="UTF-8"?>
<testsuite xmlns:xsi="http://www.w3.org/2001/XMLSchema-instance" xsi:noNamespaceSchemaLocation="https://maven.apache.org/surefire/maven-surefire-plugin/xsd/surefire-test-report.xsd" name="com.thd.SelectTest" time="0.178" tests="14" errors="2" skipped="0" failures="1">
  <properties>
[...]
</properties>
  <testcase name="selectIds" classname="com.thd.SelectTest" time="0.049"/>
  <testcase name="selectById" classname="com.thd.SelectTest" time="0.006"/>
  <testcase name="select" classname="com.thd.SelectTest" time="0.012">
    <failure message="expected:&lt;8&gt; but was:&lt;10&gt;" type="java.lang.AssertionError"><![CDATA[java.lang.AssertionError: expected:<8> but was:<10>
	at com.thd.SelectTest.select(SelectTest.java:32)
]]></failure>
    <system-out><![CDATA[DEBUG==>  Preparing: SELECT id,name,age,email,create_time FROM user 
DEBUG==> Parameters: 
TRACE<==    Columns: id, name, age, email, create_time
TRACE<==        Row: 1203951123950489601, Archer, 18, test6@baomidou.com, 2019-12-09 16:14:50
TRACE<==        Row: 1203952663415259138, Archie, 23, test1@baomidou.com, 2019-12-09 16:20:58
TRACE<==        Row: 1203953478754381826, Allen, 26, test2@baomidou.com, 2019-12-09 16:24:12
TRACE<==        Row: 1203953577425391617, Alice, 24, test2@baomidou.com, 2019-12-09 16:24:35
TRACE<==        Row: 1203954194470469634, Mike, 42, test3@baomidou.com, 2019-12-09 16:27:03
TRACE<==        Row: 1203954398418563073, Drapho, 44, test4@baomidou.com, 2019-12-09 16:27:51
TRACE<==        Row: 1203954790606950401, Alikser, 18, test5@baomidou.com, 2019-12-09 16:29:25
TRACE<==        Row: 1203957370250608641, Ferniser, 27, test7@baomidou.com, 2019-12-09 16:28:50
TRACE<==        Row: 1203957552497344513, Kakalote, 25, test8@baomidou.com, 2019-12-09 16:28:58
TRACE<==        Row: 1205088468527603714, Kakalote, 25, test5@baomidou.com, 2019-12-12 19:34:15
DEBUG<==      Total: 10
]]></system-out>
  </testcase>
  <testcase name="test" classname="com.thd.SelectTest" time="0.003">
    <error message="nested exception is org.apache.ibatis.exceptions.PersistenceException: &#10;### Error querying database.  Cause: java.lang.IndexOutOfBoundsException: Index: 2, Size: 2&#10;### The error may exist in file [E:\gitWebWay\first-mybatis-plus\target\classes\mapper\UserMapper.xml]&#10;### The error may involve com.thd.dao.UserMapper.selectTest&#10;### The error occurred while handling results&#10;### SQL: select id, name from user         where name like CONCAT(&apos;%&apos;,?,&apos;%&apos;)         and age &lt; 40&#10;### Cause: java.lang.IndexOutOfBoundsException: Index: 2, Size: 2" type="org.mybatis.spring.MyBatisSystemException"><![CDATA[org.mybatis.spring.MyBatisSystemException: 
nested exception is org.apache.ibatis.exceptions.PersistenceException: 
### Error querying database.  Cause: java.lang.IndexOutOfBoundsException: Index: 2, Size: 2
### The error may exist in file [E:\gitWebWay\first-mybatis-plus\target\classes\mapper\UserMapper.xml]
### The error may involve com.thd.dao.UserMapper.selectTest
### The error occurred while handling results
### SQL: select id, name from user         where name like CONCAT('%',?,'%')         and age < 40
### Cause: java.lang.IndexOutOfBoundsException: Index: 2, Size: 2
	at com.thd.SelectTest.test(SelectTest.java:187)
Caused by: org.apache.ibatis.exceptions.PersistenceException: 

### Error querying database.  Cause: java.lang.IndexOutOfBoundsException: Index: 2, Size: 2
### The error may exist in file [E:\gitWebWay\first-mybatis-plus\target\classes\mapper\UserMapper.xml]
### The error may involve com.thd.dao.UserMapper.selectTest
### The error occurred while handling results
### SQL: select id, name from user         where name like CONCAT('%',?,'%')         and age < 40
### Cause: java.lang.IndexOutOfBoundsException: Index: 2, Size: 2
	at com.thd.SelectTest.test(SelectTest.java:187)
Caused by: java.lang.IndexOutOfBoundsException: Index: 2, Size: 2
	at com.thd.SelectTest.test(SelectTest.java:187)
]]></error>
    <system-out><![CDATA[DEBUG==>  Preparing: select id, name from user where name like CONCAT('%',?,'%') and age < 40 
DEBUG==> Parameters: A(String)
TRACE<==    Columns: id, name
TRACE<==        Row: 1203951123950489601, Archer
]]></system-out>
  </testcase>
  <testcase name="selectByMap" classname="com.thd.SelectTest" time="0.007"/>
  <testcase name="selectByWrapper1" classname="com.thd.SelectTest" time="0.025"/>
  <testcase name="selectByWrapper2" classname="com.thd.SelectTest" time="0.005"/>
  <testcase name="selectByWrapper3" classname="com.thd.SelectTest" time="0.019"/>
  <testcase name="selectByWrapper4" classname="com.thd.SelectTest" time="0.009"/>
  <testcase name="selectByWrapper5" classname="com.thd.SelectTest" time="0.009"/>
  <testcase name="selectByWrapper6" classname="com.thd.SelectTest" time="0.008"/>
  <testcase name="selectByWrapper7" classname="com.thd.SelectTest" time="0.01"/>
  <testcase name="selectByWrapper8" classname="com.thd.SelectTest" time="0.005"/>
  <testcase name="selectByWrapperSuper1" classname="com.thd.SelectTest" time="0.005">
    <error message="nested exception is org.apache.ibatis.exceptions.PersistenceException: &#10;### Error querying database.  Cause: java.lang.IndexOutOfBoundsException: Index: 2, Size: 2&#10;### The error may exist in com/thd/dao/UserMapper.java (best guess)&#10;### The error may involve com.thd.dao.UserMapper.selectList&#10;### The error occurred while handling results&#10;### SQL: SELECT   id,name   FROM user     WHERE name LIKE ? AND age &lt; ?&#10;### Cause: java.lang.IndexOutOfBoundsException: Index: 2, Size: 2" type="org.mybatis.spring.MyBatisSystemException"><![CDATA[org.mybatis.spring.MyBatisSystemException: 
nested exception is org.apache.ibatis.exceptions.PersistenceException: 
### Error querying database.  Cause: java.lang.IndexOutOfBoundsException: Index: 2, Size: 2
### The error may exist in com/thd/dao/UserMapper.java (best guess)
### The error may involve com.thd.dao.UserMapper.selectList
### The error occurred while handling results
### SQL: SELECT   id,name   FROM user     WHERE name LIKE ? AND age < ?
### Cause: java.lang.IndexOutOfBoundsException: Index: 2, Size: 2
	at com.thd.SelectTest.selectByWrapperSuper1(SelectTest.java:179)
Caused by: org.apache.ibatis.exceptions.PersistenceException: 

### Error querying database.  Cause: java.lang.IndexOutOfBoundsException: Index: 2, Size: 2
### The error may exist in com/thd/dao/UserMapper.java (best guess)
### The error may involve com.thd.dao.UserMapper.selectList
### The error occurred while handling results
### SQL: SELECT   id,name   FROM user     WHERE name LIKE ? AND age < ?
### Cause: java.lang.IndexOutOfBoundsException: Index: 2, Size: 2
	at com.thd.SelectTest.selectByWrapperSuper1(SelectTest.java:179)
Caused by: java.lang.IndexOutOfBoundsException: Index: 2, Size: 2
	at com.thd.SelectTest.selectByWrapperSuper1(SelectTest.java:179)
]]></error>
    <system-out><![CDATA[DEBUG==>  Preparing: SELECT id,name FROM user WHERE name LIKE ? AND age < ? 
DEBUG==> Parameters: %A%(String), 40(Integer)
TRACE<==    Columns: id, name
TRACE<==        Row: 1203951123950489601, Archer
]]></system-out>
  </testcase>
</testsuite>